<ns0:test-suite xmlns:ns0="urn:model.allure.qatools.yandex.ru" start="1522497014658" stop="1522497056170">
  <name>test_file</name>
  <labels/>
  <test-cases>
    <test-case start="1522497014658" status="failed" stop="1522497056170">
      <name>TestFile.test_file</name>
      <failure>
        <message>TimeoutException: Message: 
</message>
        <stack-trace>self = &lt;test_file.TestFile object at 0x000001E08AA7D550&gt;

    def test_file(self):
&gt;       self.file.mkdir_text_name("zzz")

scripts\test_file.py:18: 
_ _ _ _ _ _ _ _ _ _ _ _ _ _ _ _ _ _ _ _ _ _ _ _ _ _ _ _ _ _ _ _ _ _ _ _ _ _ _ _
page\page_file.py:66: in mkdir_text_name
    self.input_text(self.mkdir_name, text)
base\base_action.py:14: in input_text
    self.find_element(loc, time, poll).send_keys(text)
base\base_action.py:20: in find_element
    return WebDriverWait(self.driver, time, poll).until(lambda x: x.find_element(loc_by, loc_value))
_ _ _ _ _ _ _ _ _ _ _ _ _ _ _ _ _ _ _ _ _ _ _ _ _ _ _ _ _ _ _ _ _ _ _ _ _ _ _ _

self = &lt;selenium.webdriver.support.wait.WebDriverWait (session="4c32bbde-92ca-43c6-98ab-cad19c6c6794")&gt;
method = &lt;function BaseAction.find_element.&lt;locals&gt;.&lt;lambda&gt; at 0x000001E08AA9AC80&gt;
message = ''

    def until(self, method, message=''):
        """Calls the method provided with the driver as an argument until the \
            return value is not False."""
        screen = None
        stacktrace = None
    
        end_time = time.time() + self._timeout
        while True:
            try:
                value = method(self._driver)
                if value:
                    return value
            except self._ignored_exceptions as exc:
                screen = getattr(exc, 'screen', None)
                stacktrace = getattr(exc, 'stacktrace', None)
            time.sleep(self._poll)
            if time.time() &gt; end_time:
                break
&gt;       raise TimeoutException(message, screen, stacktrace)
E       selenium.common.exceptions.TimeoutException: Message:

..\..\..\python36\lib\site-packages\selenium\webdriver\support\wait.py:80: TimeoutException</stack-trace>
      </failure>
      <attachments/>
      <labels>
        <label name="severity" value="normal"/>
        <label name="thread" value="12624-MainThread"/>
        <label name="host" value="LAPTOP-9BT7RP0B"/>
        <label name="framework" value="pytest"/>
        <label name="language" value="cpython3"/>
      </labels>
      <steps/>
    </test-case>
  </test-cases>
</ns0:test-suite>
